Arguments: 
  E:\Program Files\nodejs\node.exe E:\nodejsprogram\nodejs\node_global\node_modules\yarn\bin\yarn.js init

PATH: 
  C:\Users\yuekesoft\bin;C:\Program Files\Git\mingw64\bin;C:\Program Files\Git\usr\local\bin;C:\Program Files\Git\usr\bin;C:\Program Files\Git\usr\bin;C:\Program Files\Git\mingw64\bin;C:\Program Files\Git\usr\bin;C:\Users\yuekesoft\bin;C:\Python39\Scripts;C:\Python39;C:\Program Files (x86)\Common Files\Oracle\Java\javapath;C:\Program Files (x86)\Embarcadero\Studio\20.0\bin;C:\Users\Public\Documents\Embarcadero\Studio\20.0\Bpl;C:\Program Files (x86)\Embarcadero\Studio\20.0\bin64;C:\Users\Public\Documents\Embarcadero\Studio\20.0\Bpl\Win64;C:\Program Files (x86)\Embarcadero\Studio\21.0\bin;C:\Users\Public\Documents\Embarcadero\Studio\21.0\Bpl;C:\Program Files (x86)\Embarcadero\Studio\21.0\bin64;C:\Users\Public\Documents\Embarcadero\Studio\21.0\Bpl\Win64;C:\WINDOWS\system32;C:\WINDOWS;C:\WINDOWS\System32\Wbem;C:\WINDOWS\System32\WindowsPowerShell\v1.0;C:\Program Files\PuTTY;C:\WINDOWS\System32\OpenSSH;E:\AndroidStudioSDK\maven\apache-maven-3.6.3-bin\apache-maven-3.6.3\bin;E:\AndroidStudioSDK\jdk1.8\bin;C:\ProgramData\chocolatey\bin;E:\nodejsprogram\nodejs\node_global;C:\Program Files\Git\cmd;E:\Program Files\nodejs;C:\Users\yuekesoft\AppData\Local\Microsoft\WindowsApps;C:\Users\yuekesoft\AppData\Local\Programs\Microsoft VS Code\bin;C:\Users\yuekesoft\AppData\Roaming\npm;C:\Users\yuekesoft\AppData\Local\GitHubDesktop\bin;C:\Program Files\Git\usr\bin\vendor_perl;C:\Program Files\Git\usr\bin\core_perl

Yarn version: 
  1.22.19

Node version: 
  16.17.0

Platform: 
  win32 x64

Trace: 
  Error: Can't answer a question unless a user TTY
      at ConsoleReporter.question (E:\nodejsprogram\nodejs\node_global\node_modules\yarn\lib\cli.js:92864:59)
      at Object.<anonymous> (E:\nodejsprogram\nodejs\node_global\node_modules\yarn\lib\cli.js:85054:38)
      at Generator.next (<anonymous>)
      at step (E:\nodejsprogram\nodejs\node_global\node_modules\yarn\lib\cli.js:310:30)
      at E:\nodejsprogram\nodejs\node_global\node_modules\yarn\lib\cli.js:321:13
      at processTicksAndRejections (node:internal/process/task_queues:96:5)

npm manifest: 
  No manifest

yarn manifest: 
  No manifest

Lockfile: 
  No lockfile
